0 info it worked if it ends with ok
1 verbose cli [ '/usr/local/bin/node',
1 verbose cli   '/usr/local/bin/npm',
1 verbose cli   'install',
1 verbose cli   '-g',
1 verbose cli   'ruby' ]
2 info using npm@4.0.3
3 info using node@v7.2.1
4 silly loadCurrentTree Starting
5 silly install loadCurrentTree
6 silly install readGlobalPackageData
7 silly fetchPackageMetaData ruby
8 silly fetchNamedPackageData ruby
9 silly mapToRegistry name ruby
10 silly mapToRegistry using default registry
11 silly mapToRegistry registry https://registry.npmjs.org/
12 silly mapToRegistry data Result {
12 silly mapToRegistry   raw: 'ruby',
12 silly mapToRegistry   scope: null,
12 silly mapToRegistry   escapedName: 'ruby',
12 silly mapToRegistry   name: 'ruby',
12 silly mapToRegistry   rawSpec: '',
12 silly mapToRegistry   spec: 'latest',
12 silly mapToRegistry   type: 'tag' }
13 silly mapToRegistry uri https://registry.npmjs.org/ruby
14 verbose request uri https://registry.npmjs.org/ruby
15 verbose request no auth needed
16 info attempt registry request try #1 at 10:27:36
17 verbose request id 8d0ff664ba65e3ab
18 http request GET https://registry.npmjs.org/ruby
19 http 200 https://registry.npmjs.org/ruby
20 verbose headers { server: 'nginx/1.10.1',
20 verbose headers   'content-type': 'application/json',
20 verbose headers   'last-modified': 'Mon, 23 May 2016 12:49:01 GMT',
20 verbose headers   etag: 'W/"5742fc3d-3f17"',
20 verbose headers   'content-encoding': 'gzip',
20 verbose headers   'cache-control': 'max-age=300',
20 verbose headers   'content-length': '2236',
20 verbose headers   'accept-ranges': 'bytes',
20 verbose headers   date: 'Mon, 12 Dec 2016 09:27:36 GMT',
20 verbose headers   via: '1.1 varnish',
20 verbose headers   age: '0',
20 verbose headers   connection: 'keep-alive',
20 verbose headers   'x-served-by': 'cache-lhr6335-LHR',
20 verbose headers   'x-cache': 'MISS',
20 verbose headers   'x-cache-hits': '0',
20 verbose headers   'x-timer': 'S1481534856.275611,VS0,VE17',
20 verbose headers   vary: 'Accept-Encoding' }
21 silly get cb [ 200,
21 silly get   { server: 'nginx/1.10.1',
21 silly get     'content-type': 'application/json',
21 silly get     'last-modified': 'Mon, 23 May 2016 12:49:01 GMT',
21 silly get     etag: 'W/"5742fc3d-3f17"',
21 silly get     'content-encoding': 'gzip',
21 silly get     'cache-control': 'max-age=300',
21 silly get     'content-length': '2236',
21 silly get     'accept-ranges': 'bytes',
21 silly get     date: 'Mon, 12 Dec 2016 09:27:36 GMT',
21 silly get     via: '1.1 varnish',
21 silly get     age: '0',
21 silly get     connection: 'keep-alive',
21 silly get     'x-served-by': 'cache-lhr6335-LHR',
21 silly get     'x-cache': 'MISS',
21 silly get     'x-cache-hits': '0',
21 silly get     'x-timer': 'S1481534856.275611,VS0,VE17',
21 silly get     vary: 'Accept-Encoding' } ]
22 verbose get saving ruby to /home/jcaballero/.npm/registry.npmjs.org/ruby/.cache.json
23 verbose correctMkdir /home/jcaballero/.npm correctMkdir not in flight; initializing
24 silly install normalizeTree
25 silly loadCurrentTree Finishing
26 silly loadIdealTree Starting
27 silly install loadIdealTree
28 silly cloneCurrentTree Starting
29 silly install cloneCurrentTreeToIdealTree
30 silly cloneCurrentTree Finishing
31 silly loadShrinkwrap Starting
32 silly install loadShrinkwrap
33 silly loadShrinkwrap Finishing
34 silly loadAllDepsIntoIdealTree Starting
35 silly install loadAllDepsIntoIdealTree
36 silly resolveWithNewModule ruby@0.6.1 checking installable status
37 silly cache add args [ 'ruby', null ]
38 verbose cache add spec ruby
39 silly cache add parsed spec Result {
39 silly cache add   raw: 'ruby',
39 silly cache add   scope: null,
39 silly cache add   escapedName: 'ruby',
39 silly cache add   name: 'ruby',
39 silly cache add   rawSpec: '',
39 silly cache add   spec: 'latest',
39 silly cache add   type: 'tag' }
40 silly addNamed ruby@latest
41 verbose addNamed "latest" is being treated as a dist-tag for ruby
42 info addNameTag [ 'ruby', 'latest' ]
43 silly mapToRegistry name ruby
44 silly mapToRegistry using default registry
45 silly mapToRegistry registry https://registry.npmjs.org/
46 silly mapToRegistry data Result {
46 silly mapToRegistry   raw: 'ruby',
46 silly mapToRegistry   scope: null,
46 silly mapToRegistry   escapedName: 'ruby',
46 silly mapToRegistry   name: 'ruby',
46 silly mapToRegistry   rawSpec: '',
46 silly mapToRegistry   spec: 'latest',
46 silly mapToRegistry   type: 'tag' }
47 silly mapToRegistry uri https://registry.npmjs.org/ruby
48 verbose addNameTag registry:https://registry.npmjs.org/ruby not in flight; fetching
49 verbose get https://registry.npmjs.org/ruby not expired, no request
50 silly addNameTag next cb for ruby with tag latest
51 silly addNamed ruby@0.6.1
52 verbose addNamed "0.6.1" is a plain semver version for ruby
53 silly mapToRegistry name ruby
54 silly mapToRegistry using default registry
55 silly mapToRegistry registry https://registry.npmjs.org/
56 silly mapToRegistry data Result {
56 silly mapToRegistry   raw: 'ruby',
56 silly mapToRegistry   scope: null,
56 silly mapToRegistry   escapedName: 'ruby',
56 silly mapToRegistry   name: 'ruby',
56 silly mapToRegistry   rawSpec: '',
56 silly mapToRegistry   spec: 'latest',
56 silly mapToRegistry   type: 'tag' }
57 silly mapToRegistry uri https://registry.npmjs.org/ruby
58 verbose addRemoteTarball https://registry.npmjs.org/ruby/-/ruby-0.6.1.tgz not in flight; adding
59 verbose addRemoteTarball [ 'https://registry.npmjs.org/ruby/-/ruby-0.6.1.tgz',
59 verbose addRemoteTarball   'b3fee5787e4f9c0d5814d6166a5b5dbcfb24ba35' ]
60 info retry fetch attempt 1 at 10:27:36
61 info attempt registry request try #1 at 10:27:36
62 http fetch GET https://registry.npmjs.org/ruby/-/ruby-0.6.1.tgz
63 http fetch 200 https://registry.npmjs.org/ruby/-/ruby-0.6.1.tgz
64 silly fetchAndShaCheck shasum b3fee5787e4f9c0d5814d6166a5b5dbcfb24ba35
65 verbose addTmpTarball /tmp/npm-3905-6269d8d0/registry.npmjs.org/ruby/-/ruby-0.6.1.tgz not in flight; adding
66 verbose addTmpTarball already have metadata; skipping unpack for ruby@0.6.1
67 verbose correctMkdir /home/jcaballero/.npm correctMkdir not in flight; initializing
68 silly cache afterAdd ruby@0.6.1
69 verbose afterAdd /home/jcaballero/.npm/ruby/0.6.1/package/package.json not in flight; writing
70 verbose correctMkdir /home/jcaballero/.npm correctMkdir not in flight; initializing
71 verbose afterAdd /home/jcaballero/.npm/ruby/0.6.1/package/package.json written
72 silly fetchNamedPackageData lodash
73 silly mapToRegistry name lodash
74 silly mapToRegistry using default registry
75 silly mapToRegistry registry https://registry.npmjs.org/
76 silly mapToRegistry data Result {
76 silly mapToRegistry   raw: 'lodash',
76 silly mapToRegistry   scope: null,
76 silly mapToRegistry   escapedName: 'lodash',
76 silly mapToRegistry   name: 'lodash',
76 silly mapToRegistry   rawSpec: '',
76 silly mapToRegistry   spec: 'latest',
76 silly mapToRegistry   type: 'tag' }
77 silly mapToRegistry uri https://registry.npmjs.org/lodash
78 verbose request uri https://registry.npmjs.org/lodash
79 verbose request no auth needed
80 info attempt registry request try #1 at 10:27:36
81 http request GET https://registry.npmjs.org/lodash
82 http 200 https://registry.npmjs.org/lodash
83 verbose headers { server: 'nginx/1.10.1',
83 verbose headers   'content-type': 'application/json',
83 verbose headers   'last-modified': 'Mon, 12 Dec 2016 09:21:46 GMT',
83 verbose headers   etag: 'W/"584e6c2a-280c5"',
83 verbose headers   'content-encoding': 'gzip',
83 verbose headers   'cache-control': 'max-age=300',
83 verbose headers   'content-length': '16371',
83 verbose headers   'accept-ranges': 'bytes',
83 verbose headers   date: 'Mon, 12 Dec 2016 09:27:36 GMT',
83 verbose headers   via: '1.1 varnish',
83 verbose headers   age: '48',
83 verbose headers   connection: 'keep-alive',
83 verbose headers   'x-served-by': 'cache-lhr6335-LHR',
83 verbose headers   'x-cache': 'HIT',
83 verbose headers   'x-cache-hits': '6',
83 verbose headers   'x-timer': 'S1481534856.544561,VS0,VE0',
83 verbose headers   vary: 'Accept-Encoding' }
84 silly get cb [ 200,
84 silly get   { server: 'nginx/1.10.1',
84 silly get     'content-type': 'application/json',
84 silly get     'last-modified': 'Mon, 12 Dec 2016 09:21:46 GMT',
84 silly get     etag: 'W/"584e6c2a-280c5"',
84 silly get     'content-encoding': 'gzip',
84 silly get     'cache-control': 'max-age=300',
84 silly get     'content-length': '16371',
84 silly get     'accept-ranges': 'bytes',
84 silly get     date: 'Mon, 12 Dec 2016 09:27:36 GMT',
84 silly get     via: '1.1 varnish',
84 silly get     age: '48',
84 silly get     connection: 'keep-alive',
84 silly get     'x-served-by': 'cache-lhr6335-LHR',
84 silly get     'x-cache': 'HIT',
84 silly get     'x-cache-hits': '6',
84 silly get     'x-timer': 'S1481534856.544561,VS0,VE0',
84 silly get     vary: 'Accept-Encoding' } ]
85 verbose get saving lodash to /home/jcaballero/.npm/registry.npmjs.org/lodash/.cache.json
86 verbose correctMkdir /home/jcaballero/.npm correctMkdir not in flight; initializing
87 silly resolveWithNewModule lodash@4.17.2 checking installable status
88 silly cache add args [ 'lodash@^4.13.0', null ]
89 verbose cache add spec lodash@^4.13.0
90 silly cache add parsed spec Result {
90 silly cache add   raw: 'lodash@^4.13.0',
90 silly cache add   scope: null,
90 silly cache add   escapedName: 'lodash',
90 silly cache add   name: 'lodash',
90 silly cache add   rawSpec: '^4.13.0',
90 silly cache add   spec: '>=4.13.0 <5.0.0',
90 silly cache add   type: 'range' }
91 silly addNamed lodash@>=4.13.0 <5.0.0
92 verbose addNamed ">=4.13.0 <5.0.0" is a valid semver range for lodash
93 silly addNameRange { name: 'lodash', range: '>=4.13.0 <5.0.0', hasData: false }
94 silly mapToRegistry name lodash
95 silly mapToRegistry using default registry
96 silly mapToRegistry registry https://registry.npmjs.org/
97 silly mapToRegistry data Result {
97 silly mapToRegistry   raw: 'lodash',
97 silly mapToRegistry   scope: null,
97 silly mapToRegistry   escapedName: 'lodash',
97 silly mapToRegistry   name: 'lodash',
97 silly mapToRegistry   rawSpec: '',
97 silly mapToRegistry   spec: 'latest',
97 silly mapToRegistry   type: 'tag' }
98 silly mapToRegistry uri https://registry.npmjs.org/lodash
99 verbose addNameRange registry:https://registry.npmjs.org/lodash not in flight; fetching
100 verbose get https://registry.npmjs.org/lodash not expired, no request
101 silly addNameRange number 2 { name: 'lodash', range: '>=4.13.0 <5.0.0', hasData: true }
102 silly addNameRange versions [ 'lodash',
102 silly addNameRange   [ '0.1.0',
102 silly addNameRange     '0.2.0',
102 silly addNameRange     '0.2.1',
102 silly addNameRange     '0.2.2',
102 silly addNameRange     '0.3.0',
102 silly addNameRange     '0.3.1',
102 silly addNameRange     '0.3.2',
102 silly addNameRange     '0.4.0',
102 silly addNameRange     '0.4.1',
102 silly addNameRange     '0.4.2',
102 silly addNameRange     '0.5.0-rc.1',
102 silly addNameRange     '0.5.0',
102 silly addNameRange     '0.5.1',
102 silly addNameRange     '0.5.2',
102 silly addNameRange     '0.6.0',
102 silly addNameRange     '0.6.1',
102 silly addNameRange     '0.7.0',
102 silly addNameRange     '0.8.0',
102 silly addNameRange     '0.8.1',
102 silly addNameRange     '0.8.2',
102 silly addNameRange     '0.9.0',
102 silly addNameRange     '0.9.1',
102 silly addNameRange     '0.9.2',
102 silly addNameRange     '0.10.0',
102 silly addNameRange     '1.0.0-rc.1',
102 silly addNameRange     '1.0.0-rc.2',
102 silly addNameRange     '1.0.0-rc.3',
102 silly addNameRange     '1.0.0',
102 silly addNameRange     '1.0.1',
102 silly addNameRange     '1.1.0',
102 silly addNameRange     '1.1.1',
102 silly addNameRange     '1.2.0',
102 silly addNameRange     '1.2.1',
102 silly addNameRange     '1.3.0',
102 silly addNameRange     '1.3.1',
102 silly addNameRange     '2.0.0',
102 silly addNameRange     '2.1.0',
102 silly addNameRange     '2.2.0',
102 silly addNameRange     '2.2.1',
102 silly addNameRange     '2.3.0',
102 silly addNameRange     '2.4.0',
102 silly addNameRange     '2.4.1',
102 silly addNameRange     '3.0.0',
102 silly addNameRange     '3.0.1',
102 silly addNameRange     '3.1.0',
102 silly addNameRange     '3.2.0',
102 silly addNameRange     '3.3.0',
102 silly addNameRange     '3.3.1',
102 silly addNameRange     '3.4.0',
102 silly addNameRange     '3.5.0',
102 silly addNameRange     '3.6.0',
102 silly addNameRange     '1.0.2',
102 silly addNameRange     '3.7.0',
102 silly addNameRange     '2.4.2',
102 silly addNameRange     '3.8.0',
102 silly addNameRange     '3.9.0',
102 silly addNameRange     '3.9.1',
102 silly addNameRange     '3.9.2',
102 silly addNameRange     '3.9.3',
102 silly addNameRange     '3.10.0',
102 silly addNameRange     '3.10.1',
102 silly addNameRange     '4.0.0',
102 silly addNameRange     '4.0.1',
102 silly addNameRange     '4.1.0',
102 silly addNameRange     '4.2.0',
102 silly addNameRange     '4.2.1',
102 silly addNameRange     '4.3.0',
102 silly addNameRange     '4.4.0',
102 silly addNameRange     '4.5.0',
102 silly addNameRange     '4.5.1',
102 silly addNameRange     '4.6.0',
102 silly addNameRange     '4.6.1',
102 silly addNameRange     '4.7.0',
102 silly addNameRange     '4.8.0',
102 silly addNameRange     '4.8.1',
102 silly addNameRange     '4.8.2',
102 silly addNameRange     '4.9.0',
102 silly addNameRange     '4.10.0',
102 silly addNameRange     '4.11.0',
102 silly addNameRange     '4.11.1',
102 silly addNameRange     '4.11.2',
102 silly addNameRange     '4.12.0',
102 silly addNameRange     '4.13.0',
102 silly addNameRange     '4.13.1',
102 silly addNameRange     '4.14.0',
102 silly addNameRange     '4.14.1',
102 silly addNameRange     '4.14.2',
102 silly addNameRange     '4.15.0',
102 silly addNameRange     '4.16.0',
102 silly addNameRange     '4.16.1',
102 silly addNameRange     '4.16.2',
102 silly addNameRange     '4.16.3',
102 silly addNameRange     '4.16.4',
102 silly addNameRange     '4.16.5',
102 silly addNameRange     '4.16.6',
102 silly addNameRange     '4.17.0',
102 silly addNameRange     '4.17.1',
102 silly addNameRange     '4.17.2' ] ]
103 silly addNamed lodash@4.17.2
104 verbose addNamed "4.17.2" is a plain semver version for lodash
105 silly mapToRegistry name lodash
106 silly mapToRegistry using default registry
107 silly mapToRegistry registry https://registry.npmjs.org/
108 silly mapToRegistry data Result {
108 silly mapToRegistry   raw: 'lodash',
108 silly mapToRegistry   scope: null,
108 silly mapToRegistry   escapedName: 'lodash',
108 silly mapToRegistry   name: 'lodash',
108 silly mapToRegistry   rawSpec: '',
108 silly mapToRegistry   spec: 'latest',
108 silly mapToRegistry   type: 'tag' }
109 silly mapToRegistry uri https://registry.npmjs.org/lodash
110 verbose addRemoteTarball https://registry.npmjs.org/lodash/-/lodash-4.17.2.tgz not in flight; adding
111 verbose addRemoteTarball [ 'https://registry.npmjs.org/lodash/-/lodash-4.17.2.tgz',
111 verbose addRemoteTarball   '34a3055babe04ce42467b607d700072c7ff6bf42' ]
112 info retry fetch attempt 1 at 10:27:36
113 info attempt registry request try #1 at 10:27:36
114 http fetch GET https://registry.npmjs.org/lodash/-/lodash-4.17.2.tgz
115 http fetch 200 https://registry.npmjs.org/lodash/-/lodash-4.17.2.tgz
116 silly fetchAndShaCheck shasum 34a3055babe04ce42467b607d700072c7ff6bf42
117 verbose addTmpTarball /tmp/npm-3905-6269d8d0/registry.npmjs.org/lodash/-/lodash-4.17.2.tgz not in flight; adding
118 verbose addTmpTarball already have metadata; skipping unpack for lodash@4.17.2
119 verbose correctMkdir /home/jcaballero/.npm correctMkdir not in flight; initializing
120 silly cache afterAdd lodash@4.17.2
121 verbose afterAdd /home/jcaballero/.npm/lodash/4.17.2/package/package.json not in flight; writing
122 verbose correctMkdir /home/jcaballero/.npm correctMkdir not in flight; initializing
123 verbose afterAdd /home/jcaballero/.npm/lodash/4.17.2/package/package.json written
124 silly loadAllDepsIntoIdealTree Finishing
125 silly loadIdealTree Finishing
126 silly currentTree lib
127 silly idealTree lib
127 silly idealTree └─┬ ruby@0.6.1
127 silly idealTree   └── lodash@4.17.2
128 silly generateActionsToTake Starting
129 silly install generateActionsToTake
130 warn checkPermissions Missing write access to /usr/local/lib/node_modules
131 silly rollbackFailedOptional Starting
132 silly rollbackFailedOptional Finishing
133 silly runTopLevelLifecycles Finishing
134 silly install printInstalled
135 verbose stack Error: EACCES: permission denied, access '/usr/local/lib/node_modules'
136 verbose cwd /home/jcaballero/Development/Node-Global-Test-Server
137 error Linux 3.13.0-71-generic
138 error argv "/usr/local/bin/node" "/usr/local/bin/npm" "install" "-g" "ruby"
139 error node v7.2.1
140 error npm  v4.0.3
141 error path /usr/local/lib/node_modules
142 error code EACCES
143 error errno -13
144 error syscall access
145 error Error: EACCES: permission denied, access '/usr/local/lib/node_modules'
145 error  { Error: EACCES: permission denied, access '/usr/local/lib/node_modules'
145 error   errno: -13,
145 error   code: 'EACCES',
145 error   syscall: 'access',
145 error   path: '/usr/local/lib/node_modules' }
146 error Please try running this command again as root/Administrator.
147 verbose exit [ -13, true ]
